<?xml version="1.0" encoding="UTF-8"?>
<!-- Generated by org.testng.reporters.JUnitXMLReporter -->
<testsuite ignored="0" hostname="DESKTOP-C9T0B5A" failures="0" tests="7" name="Park IQ System - Firefox Test" time="122.725" errors="0" timestamp="11 Jul 2021 21:31:24 GMT">
  <testcase classname="parkIQ.testCases.TC_SuperUser_001" name="setupSuperUserRole" time="57.73"/>
  <testcase classname="parkIQ.testCases.TC_SuperUser_001" name="checkLogo" time="0.037"/>
  <testcase classname="parkIQ.testCases.TC_SuperUser_001" name="checkTitles" time="0.135"/>
  <testcase classname="parkIQ.testCases.TC_SuperUser_001" name="checkSectionHeader" time="2.172"/>
  <testcase classname="parkIQ.testCases.TC_SuperUser_001" name="checkCreateNewUserLink" time="0.062"/>
  <testcase classname="parkIQ.testCases.TC_SuperUser_001" name="searchFunctionality" time="0.027"/>
  <testcase classname="parkIQ.testCases.TC_SuperUser_001" name="testColumns" time="0.151"/>
</testsuite> <!-- Park IQ System - Firefox Test -->
